0 info it worked if it ends with ok
1 verbose cli [ '/usr/bin/nodejs', '/usr/bin/npm', 'install', '-g', 'ngRoute' ]
2 info using npm@1.3.10
3 info using node@v0.10.25
4 verbose cache add [ 'ngRoute', null ]
5 verbose cache add name=undefined spec="ngRoute" args=["ngRoute",null]
6 verbose parsed url { protocol: null,
6 verbose parsed url   slashes: null,
6 verbose parsed url   auth: null,
6 verbose parsed url   host: null,
6 verbose parsed url   port: null,
6 verbose parsed url   hostname: null,
6 verbose parsed url   hash: null,
6 verbose parsed url   search: null,
6 verbose parsed url   query: null,
6 verbose parsed url   pathname: 'ngRoute',
6 verbose parsed url   path: 'ngRoute',
6 verbose parsed url   href: 'ngRoute' }
7 silly lockFile dbd4fa39-ngRoute ngRoute
8 verbose lock ngRoute /home/matthew/.npm/dbd4fa39-ngRoute.lock
9 silly lockFile dbd4fa39-ngRoute ngRoute
10 silly lockFile dbd4fa39-ngRoute ngRoute
11 verbose addNamed [ 'ngRoute', '' ]
12 verbose addNamed [ null, '*' ]
13 silly lockFile c7fabb91-ngRoute ngRoute@
14 verbose lock ngRoute@ /home/matthew/.npm/c7fabb91-ngRoute.lock
15 silly addNameRange { name: 'ngRoute', range: '*', hasData: false }
16 verbose url raw ngRoute
17 verbose url resolving [ 'https://registry.npmjs.org/', './ngRoute' ]
18 verbose url resolved https://registry.npmjs.org/ngRoute
19 info trying registry request attempt 1 at 15:02:17
20 http GET https://registry.npmjs.org/ngRoute
21 http 404 https://registry.npmjs.org/ngRoute
22 silly registry.get cb [ 404,
22 silly registry.get   { server: 'CouchDB/1.5.0 (Erlang OTP/R16B03)',
22 silly registry.get     'content-type': 'application/json',
22 silly registry.get     'cache-control': 'max-age=0',
22 silly registry.get     'content-length': '51',
22 silly registry.get     'accept-ranges': 'bytes',
22 silly registry.get     date: 'Sun, 28 Jun 2015 22:02:17 GMT',
22 silly registry.get     via: '1.1 varnish',
22 silly registry.get     age: '0',
22 silly registry.get     connection: 'keep-alive',
22 silly registry.get     'x-served-by': 'cache-sjc3125-SJC',
22 silly registry.get     'x-cache': 'MISS',
22 silly registry.get     'x-cache-hits': '0',
22 silly registry.get     'x-timer': 'S1435528937.949133,VS0,VE39' } ]
23 silly lockFile c7fabb91-ngRoute ngRoute@
24 silly lockFile c7fabb91-ngRoute ngRoute@
25 error 404 'ngRoute' is not in the npm registry.
25 error 404 You should bug the author to publish it
25 error 404
25 error 404 Note that you can also install from a
25 error 404 tarball, folder, or http url, or git url.
26 error System Linux 3.13.0-52-generic
27 error command "/usr/bin/nodejs" "/usr/bin/npm" "install" "-g" "ngRoute"
28 error cwd /media/matthew/repos/brandle
29 error node -v v0.10.25
30 error npm -v 1.3.10
31 error code E404
32 verbose exit [ 1, true ]
